<?xml version="1.0" encoding="UTF-8"?>
<!-- Generated by org.testng.reporters.JUnitXMLReporter -->
<testsuite hostname="mnm-Lenovo-E40-80" name="Default test" tests="4" failures="0" timestamp="30 Jul 2020 20:56:43 GMT" time="9.375" errors="0">
  <testcase name="api_response" time="8.643" classname="Assignment.briq.AppTest"/>
  <testcase name="excel_json" time="0.259" classname="Assignment.briq.AppTest"/>
  <testcase name="test_readPDF_active_lice" time="0.373" classname="Assignment.briq.AppTest"/>
  <testcase name="test_readPDF_statement" time="0.079" classname="Assignment.briq.AppTest"/>
</testsuite> <!-- Default test -->
