<?xml version="1.0" encoding="UTF-8"?>
<!-- Generated by org.testng.reporters.JUnitXMLReporter -->
<testsuite hostname="mnm-Lenovo-E40-80" name="Test" tests="4" failures="0" timestamp="30 Jul 2020 21:03:28 GMT" time="8.272" errors="0">
  <testcase name="excel_json" time="0.953" classname="Assignment.briq.AppTest"/>
  <testcase name="api_response" time="6.844" classname="Assignment.briq.AppTest"/>
  <testcase name="test_readPDF_statement" time="0.393" classname="Assignment.briq.AppTest"/>
  <testcase name="test_readPDF_active_lice" time="0.048" classname="Assignment.briq.AppTest"/>
</testsuite> <!-- Test -->
